0 info it worked if it ends with ok
1 verbose cli [ 'C:\\Program Files\\nodejs\\node.exe',
1 verbose cli   'C:\\Program Files\\nodejs\\node_modules\\npm\\bin\\npm-cli.js',
1 verbose cli   'run',
1 verbose cli   'watch' ]
2 info using npm@4.1.2
3 info using node@v7.7.1
4 verbose run-script [ 'prewatch', 'watch', 'postwatch' ]
5 info lifecycle @~prewatch: @
6 verbose lifecycle @~prewatch: unsafe-perm in lifecycle true
7 verbose lifecycle @~prewatch: PATH: C:\Program Files\nodejs\node_modules\npm\bin\node-gyp-bin;C:\Users\Saleem\Documents\ENIGMA\Projects\nul-expo\node_modules\.bin;C:\Program Files\ConEmu\ConEmu\Scripts;C:\Program Files\ConEmu\ConEmu\Scripts;C:\Program Files\ConEmu;C:\Program Files\ConEmu\ConEmu;C:\Program Files\PHP\v5.3;C:\ProgramData\Oracle\Java\javapath;C:\Windows\system32;C:\Windows;C:\Windows\System32\Wbem;C:\Windows\System32\WindowsPowerShell\v1.0\;C:\Program Files\Microsoft SQL Server\120\Tools\Binn\;C:\Program Files\Microsoft SQL Server\Client SDK\ODBC\110\Tools\Binn\;C:\Program Files (x86)\Microsoft SQL Server\120\Tools\Binn\;C:\Program Files\Microsoft SQL Server\120\DTS\Binn\;C:\Program Files (x86)\Microsoft SQL Server\120\Tools\Binn\ManagementStudio\;C:\Program Files (x86)\Microsoft SQL Server\120\DTS\Binn\;C:\Users\Saleem\.dnx\bin;C:\Program Files\Microsoft DNX\Dnvm\;C:\Enigma\php;C:\ProgramData\ComposerSetup\bin;D:\Enigma\php;C:\Program Files\nodejs\;C:\Program Files\Git\cmd;;D:\Enigma\php;C:\Program Files (x86)\Microsoft VS Code\bin
8 verbose lifecycle @~prewatch: CWD: C:\Users\Saleem\Documents\ENIGMA\Projects\nul-expo
9 silly lifecycle @~prewatch: Args: [ '/d /s /c', 'npm run cleanup' ]
10 silly lifecycle @~prewatch: Returned: code: 0  signal: null
11 info lifecycle @~watch: @
12 verbose lifecycle @~watch: unsafe-perm in lifecycle true
13 verbose lifecycle @~watch: PATH: C:\Program Files\nodejs\node_modules\npm\bin\node-gyp-bin;C:\Users\Saleem\Documents\ENIGMA\Projects\nul-expo\node_modules\.bin;C:\Program Files\ConEmu\ConEmu\Scripts;C:\Program Files\ConEmu\ConEmu\Scripts;C:\Program Files\ConEmu;C:\Program Files\ConEmu\ConEmu;C:\Program Files\PHP\v5.3;C:\ProgramData\Oracle\Java\javapath;C:\Windows\system32;C:\Windows;C:\Windows\System32\Wbem;C:\Windows\System32\WindowsPowerShell\v1.0\;C:\Program Files\Microsoft SQL Server\120\Tools\Binn\;C:\Program Files\Microsoft SQL Server\Client SDK\ODBC\110\Tools\Binn\;C:\Program Files (x86)\Microsoft SQL Server\120\Tools\Binn\;C:\Program Files\Microsoft SQL Server\120\DTS\Binn\;C:\Program Files (x86)\Microsoft SQL Server\120\Tools\Binn\ManagementStudio\;C:\Program Files (x86)\Microsoft SQL Server\120\DTS\Binn\;C:\Users\Saleem\.dnx\bin;C:\Program Files\Microsoft DNX\Dnvm\;C:\Enigma\php;C:\ProgramData\ComposerSetup\bin;D:\Enigma\php;C:\Program Files\nodejs\;C:\Program Files\Git\cmd;;D:\Enigma\php;C:\Program Files (x86)\Microsoft VS Code\bin
14 verbose lifecycle @~watch: CWD: C:\Users\Saleem\Documents\ENIGMA\Projects\nul-expo
15 silly lifecycle @~watch: Args: [ '/d /s /c',
15 silly lifecycle   'cross-env NODE_ENV=development node_modules/webpack/bin/webpack.js --watch --progress --hide-modules --config=node_modules/laravel-mix/setup/webpack.config.js' ]
16 verbose stack Error: kill ENOSYS
16 verbose stack     at exports._errnoException (util.js:1029:11)
16 verbose stack     at process.kill (internal/process.js:188:13)
16 verbose stack     at process.listener (C:\Program Files\nodejs\node_modules\npm\node_modules\npmlog\node_modules\gauge\node_modules\signal-exit\index.js:95:15)
16 verbose stack     at emitNone (events.js:86:13)
16 verbose stack     at process.emit (events.js:188:7)
16 verbose stack     at processEmit (C:\Program Files\nodejs\node_modules\npm\node_modules\npmlog\node_modules\gauge\node_modules\signal-exit\index.js:155:32)
16 verbose stack     at Signal.wrap.onsignal (internal/process.js:215:44)
17 verbose cwd C:\Users\Saleem\Documents\ENIGMA\Projects\nul-expo
18 error Windows_NT 6.1.7601
19 error argv "C:\\Program Files\\nodejs\\node.exe" "C:\\Program Files\\nodejs\\node_modules\\npm\\bin\\npm-cli.js" "run" "watch"
20 error node v7.7.1
21 error npm  v4.1.2
22 error code ENOSYS
23 error errno ENOSYS
24 error syscall kill
25 error kill ENOSYS
26 error If you need help, you may report this error at:
26 error     <https://github.com/npm/npm/issues>
27 verbose exit [ 1, true ]
